#
# There is insufficient memory for the Java Runtime Environment to continue.
# Native memory allocation (malloc) failed to allocate 1048576 bytes for AllocateHeap
# Possible reasons:
#   The system is out of physical RAM or swap space
#   In 32 bit mode, the process size limit was hit
# Possible solutions:
#   Reduce memory load on the system
#   Increase physical memory or swap space
#   Check if swap backing store is full
#   Use 64 bit Java on a 64 bit OS
#   Decrease Java heap size (-Xmx/-Xms)
#   Decrease number of Java threads
#   Decrease Java thread stack sizes (-Xss)
#   Set larger code cache with -XX:ReservedCodeCacheSize=
# This output file may be truncated or incomplete.
#
#  Out of Memory Error (memory/allocation.inline.hpp:61), pid=6096, tid=6352
#
# JRE version:  (8.0_65-b17) (build )
# Java VM: Java HotSpot(TM) 64-Bit Server VM (25.65-b01 mixed mode windows-amd64 compressed oops)
# Failed to write core dump. Minidumps are not enabled by default on client versions of Windows
#

---------------  T H R E A D  ---------------

Current thread (0x00000000021d0800):  JavaThread "Unknown thread" [_thread_in_vm, id=6352, stack(0x00000000020d0000,0x00000000021d0000)]

Stack: [0x00000000020d0000,0x00000000021d0000]
[error occurred during error reporting (printing stack bounds), id 0xc0000005]

Native frames: (J=compiled Java code, j=interpreted, Vv=VM code, C=native code)


---------------  P R O C E S S  ---------------

Java Threads: ( => current thread )

Other Threads:

=>0x00000000021d0800 (exited) JavaThread "Unknown thread" [_thread_in_vm, id=6352, stack(0x00000000020d0000,0x00000000021d0000)]

VM state:not at safepoint (normal execution)

VM Mutex/Monitor currently owned by a thread: None

Heap:
 PSYoungGen      total 38400K, used 665K [0x00000000eab00000, 0x00000000ed580000, 0x0000000100000000)
  eden space 33280K, 2% used [0x00000000eab00000,0x00000000eaba6670,0x00000000ecb80000)
  from space 5120K, 0% used [0x00000000ed080000,0x00000000ed080000,0x00000000ed580000)
  to   space 5120K, 0% used [0x00000000ecb80000,0x00000000ecb80000,0x00000000ed080000)
 ParOldGen       total 87552K, used 0K [0x00000000c0000000, 0x00000000c5580000, 0x00000000eab00000)
  object space 87552K, 0% used [0x00000000c0000000,0x00000000c0000000,0x00000000c5580000)
 Metaspace       used 767K, capacity 4480K, committed 4480K, reserved 1056768K
  class space    used 75K, capacity 384K, committed 384K, reserved 1048576K

Card table byte_map: [0x0000000011690000,0x00000000118a0000] byte_map_base: 0x0000000011090000

Marking Bits: (ParMarkBitMap*) 0x000000006238a5b0
 Begin Bits: [0x0000000011e00000, 0x0000000012e00000)
 End Bits:   [0x0000000012e00000, 0x0000000013e00000)

Polling page: 0x00000000004e0000

CodeCache: size=245760Kb used=328Kb max_used=328Kb free=245431Kb
 bounds [0x00000000022d0000, 0x0000000002540000, 0x00000000112d0000]
 total_blobs=57 nmethods=0 adapters=37
 compilation: enabled

Compilation events (0 events):
No events

GC Heap History (0 events):
No events

Deoptimization events (0 events):
No events

Internal exceptions (0 events):
No events

Events (10 events):
Event: 0.123 loading class java/lang/Short
Event: 0.123 loading class java/lang/Short done
Event: 0.123 loading class java/lang/Integer
Event: 0.123 loading class java/lang/Integer done
Event: 0.123 loading class java/lang/Long
Event: 0.123 loading class java/lang/Long done
Event: 0.124 loading class java/lang/NullPointerException
Event: 0.124 loading class java/lang/NullPointerException done
Event: 0.124 loading class java/lang/ArithmeticException
Event: 0.124 loading class java/lang/ArithmeticException done


Dynamic libraries:
0x00007ff76af60000 - 0x00007ff76af97000 	C:\Program Files\Java\jdk1.8.0_65\bin\java.exe
0x00007ffb86950000 - 0x00007ffb86b11000 	C:\Windows\SYSTEM32\ntdll.dll
0x00007ffb84540000 - 0x00007ffb845ed000 	C:\Windows\system32\KERNEL32.DLL
0x00007ffb83aa0000 - 0x00007ffb83c88000 	C:\Windows\system32\KERNELBASE.dll
0x00007ffb846c0000 - 0x00007ffb84767000 	C:\Windows\system32\ADVAPI32.dll
0x00007ffb86870000 - 0x00007ffb8690d000 	C:\Windows\system32\msvcrt.dll
0x00007ffb845f0000 - 0x00007ffb8464b000 	C:\Windows\system32\sechost.dll
0x00007ffb85100000 - 0x00007ffb8521c000 	C:\Windows\system32\RPCRT4.dll
0x00007ffb84c20000 - 0x00007ffb84d76000 	C:\Windows\system32\USER32.dll
0x00007ffb84930000 - 0x00007ffb84ab6000 	C:\Windows\system32\GDI32.dll
0x00007ffb737e0000 - 0x00007ffb73a54000 	C:\Windows\WinSxS\amd64_microsoft.windows.common-controls_6595b64144ccf1df_6.0.10586.0_none_8c15ae12515e1c22\COMCTL32.dll
0x00007ffb83d50000 - 0x00007ffb83fcd000 	C:\Windows\system32\combase.dll
0x00007ffb839b0000 - 0x00007ffb83a1a000 	C:\Windows\system32\bcryptPrimitives.dll
0x00007ffb86910000 - 0x00007ffb8694b000 	C:\Windows\system32\IMM32.DLL
0x0000000060cc0000 - 0x0000000060d92000 	C:\Program Files\Java\jdk1.8.0_65\jre\bin\msvcr100.dll
0x0000000061b80000 - 0x0000000062409000 	C:\Program Files\Java\jdk1.8.0_65\jre\bin\server\jvm.dll
0x00007ffb84650000 - 0x00007ffb84658000 	C:\Windows\system32\PSAPI.DLL
0x00007ffb78870000 - 0x00007ffb78879000 	C:\Windows\SYSTEM32\WSOCK32.dll
0x00007ffb84f30000 - 0x00007ffb84f9b000 	C:\Windows\system32\WS2_32.dll
0x00007ffb811f0000 - 0x00007ffb81213000 	C:\Windows\SYSTEM32\WINMM.dll
0x00007ffb75560000 - 0x00007ffb7556a000 	C:\Windows\SYSTEM32\VERSION.dll
0x00007ffb81190000 - 0x00007ffb811bc000 	C:\Windows\SYSTEM32\WINMMBASE.dll
0x00007ffb83960000 - 0x00007ffb839a3000 	C:\Windows\system32\cfgmgr32.dll
0x0000000061a90000 - 0x0000000061a9f000 	C:\Program Files\Java\jdk1.8.0_65\jre\bin\verify.dll
0x0000000061a60000 - 0x0000000061a89000 	C:\Program Files\Java\jdk1.8.0_65\jre\bin\java.dll
0x0000000061a40000 - 0x0000000061a56000 	C:\Program Files\Java\jdk1.8.0_65\jre\bin\zip.dll

VM Arguments:
jvm_args: -Djava.awt.headless=true -Xmx1024M -Dfile.encoding=windows-1252 -Duser.country=US -Duser.language=en -Duser.variant 
java_command: com.android.dx.command.Main --dex --num-threads=4 --output C:\Users\mak\AndroidStudioProjects\istar_trainer\app\build\intermediates\pre-dexed\debug\com.android.support-support-vector-drawable-23.2.1_e5e8da4203026a7d70ffaa8c09bf50fab31c1073.jar C:\Users\mak\AndroidStudioProjects\istar_trainer\app\build\intermediates\exploded-aar\com.android.support\support-vector-drawable\23.2.1\jars\classes.jar
java_class_path (initial): C:\Users\mak\AppData\Local\Android\sdk\build-tools\23.0.3\lib\dx.jar
Launcher Type: SUN_STANDARD

Environment Variables:
JAVA_HOME=C:\Program Files\Java\jdk1.8.0_65
PATH=C:\ProgramData\Oracle\Java\javapath;C:\Program Files (x86)\Intel\iCLS Client\;C:\Program Files\Intel\iCLS Client\;C:\Windows\system32;C:\Windows;C:\Windows\System32\Wbem;C:\Windows\System32\WindowsPowerShell\v1.0\
USERNAME=mak
OS=Windows_NT
PROCESSOR_IDENTIFIER=Intel64 Family 6 Model 61 Stepping 4, GenuineIntel



---------------  S Y S T E M  ---------------

OS: Windows 10.0 , 64 bit Build 10586 (10.0.10586.0)

CPU:total 4 (2 cores per cpu, 2 threads per core) family 6 model 61 stepping 4, cmov, cx8, fxsr, mmx, sse, sse2, sse3, ssse3, sse4.1, sse4.2, popcnt, avx, avx2, aes, clmul, erms, 3dnowpref, lzcnt, ht, tsc, tscinvbit, bmi1, bmi2, adx

Memory: 4k page, physical 8288684k(2271788k free), swap 10245452k(3864k free)

vm_info: Java HotSpot(TM) 64-Bit Server VM (25.65-b01) for windows-amd64 JRE (1.8.0_65-b17), built on Oct  6 2015 16:39:20 by "java_re" with MS VC++ 10.0 (VS2010)

time: Fri Apr 08 03:21:00 2016
elapsed time: 0 seconds (0d 0h 0m 0s)

